{"level":"info","message":"Listening on port 8080...","timestamp":"2019-04-05T17:07:55.225Z"}
{"level":"info","message":"Connected to MongoDB...","timestamp":"2019-04-05T17:08:18.144Z"}
{"message":"Unexpected token } in JSON at position 94","stack":"SyntaxError: Unexpected token } in JSON at position 94\n    at JSON.parse (<anonymous>)\n    at parse (D:\\Documents\\CMPN courses\\Software Engineering\\Spring 2019\\Project\\Our_project\\Ennovate_BK\\node_modules\\body-parser\\lib\\types\\json.js:89:19)\n    at D:\\Documents\\CMPN courses\\Software Engineering\\Spring 2019\\Project\\Our_project\\Ennovate_BK\\node_modules\\body-parser\\lib\\read.js:121:18\n    at invokeCallback (D:\\Documents\\CMPN courses\\Software Engineering\\Spring 2019\\Project\\Our_project\\Ennovate_BK\\node_modules\\raw-body\\index.js:224:16)\n    at done (D:\\Documents\\CMPN courses\\Software Engineering\\Spring 2019\\Project\\Our_project\\Ennovate_BK\\node_modules\\raw-body\\index.js:213:7)\n    at IncomingMessage.onEnd (D:\\Documents\\CMPN courses\\Software Engineering\\Spring 2019\\Project\\Our_project\\Ennovate_BK\\node_modules\\raw-body\\index.js:273:7)\n    at IncomingMessage.emit (events.js:194:15)\n    at endReadableNT (_stream_readable.js:1103:12)\n    at process._tickCallback (internal/process/next_tick.js:63:19)","expose":true,"statusCode":400,"status":400,"body":"{\n\t\"name\":\"Ahmed Wael\",\n\t\"email\":\"eng.ahmedwael2050@gmail.com\",\n\t\"screen_name\":\"Waeeeeeel@\",\n\n}","type":"entity.parse.failed","level":"error","timestamp":"2019-04-05T17:22:31.357Z"}
{"level":"info","message":"Listening on port 8080...","timestamp":"2019-04-12T16:44:26.182Z"}
{"level":"info","message":"Connected to MongoDB...","timestamp":"2019-04-12T16:44:51.464Z"}
{"message":"Parameter \"filter\" to findOne() must be an object, got 5ca71272ed5ecd15e8fa614f","stack":"ObjectParameterError: Parameter \"filter\" to findOne() must be an object, got 5ca71272ed5ecd15e8fa614f\n    at new ObjectParameterError (D:\\Documents\\CMPN courses\\Software Engineering\\Spring 2019\\Project\\Our_project\\Ennovate_BK\\node_modules\\mongoose\\lib\\error\\objectParameter.js:25:11)\n    at model.Query.Query.findOne (D:\\Documents\\CMPN courses\\Software Engineering\\Spring 2019\\Project\\Our_project\\Ennovate_BK\\node_modules\\mongoose\\lib\\query.js:2064:16)\n    at Function.findOne (D:\\Documents\\CMPN courses\\Software Engineering\\Spring 2019\\Project\\Our_project\\Ennovate_BK\\node_modules\\mongoose\\lib\\model.js:1986:13)\n    at router.post (D:\\Documents\\CMPN courses\\Software Engineering\\Spring 2019\\Project\\Our_project\\Ennovate_BK\\routes\\accounts.js:144:25)\n    at newFn (D:\\Documents\\CMPN courses\\Software Engineering\\Spring 2019\\Project\\Our_project\\Ennovate_BK\\node_modules\\express-async-errors\\index.js:16:20)\n    at Layer.handle [as handle_request] (D:\\Documents\\CMPN courses\\Software Engineering\\Spring 2019\\Project\\Our_project\\Ennovate_BK\\node_modules\\express\\lib\\router\\layer.js:95:5)\n    at next (D:\\Documents\\CMPN courses\\Software Engineering\\Spring 2019\\Project\\Our_project\\Ennovate_BK\\node_modules\\express\\lib\\router\\route.js:137:13)\n    at Route.dispatch (D:\\Documents\\CMPN courses\\Software Engineering\\Spring 2019\\Project\\Our_project\\Ennovate_BK\\node_modules\\express\\lib\\router\\route.js:112:3)\n    at newFn (D:\\Documents\\CMPN courses\\Software Engineering\\Spring 2019\\Project\\Our_project\\Ennovate_BK\\node_modules\\express-async-errors\\index.js:16:20)\n    at Layer.handle [as handle_request] (D:\\Documents\\CMPN courses\\Software Engineering\\Spring 2019\\Project\\Our_project\\Ennovate_BK\\node_modules\\express\\lib\\router\\layer.js:95:5)\n    at D:\\Documents\\CMPN courses\\Software Engineering\\Spring 2019\\Project\\Our_project\\Ennovate_BK\\node_modules\\express\\lib\\router\\index.js:281:22\n    at Function.process_params (D:\\Documents\\CMPN courses\\Software Engineering\\Spring 2019\\Project\\Our_project\\Ennovate_BK\\node_modules\\express\\lib\\router\\index.js:335:12)\n    at next (D:\\Documents\\CMPN courses\\Software Engineering\\Spring 2019\\Project\\Our_project\\Ennovate_BK\\node_modules\\express\\lib\\router\\index.js:275:10)\n    at Function.handle (D:\\Documents\\CMPN courses\\Software Engineering\\Spring 2019\\Project\\Our_project\\Ennovate_BK\\node_modules\\express\\lib\\router\\index.js:174:3)\n    at router (D:\\Documents\\CMPN courses\\Software Engineering\\Spring 2019\\Project\\Our_project\\Ennovate_BK\\node_modules\\express\\lib\\router\\index.js:47:12)\n    at newFn (D:\\Documents\\CMPN courses\\Software Engineering\\Spring 2019\\Project\\Our_project\\Ennovate_BK\\node_modules\\express-async-errors\\index.js:16:20)","name":"ObjectParameterError","level":"error","timestamp":"2019-04-12T16:47:15.384Z"}
{"level":"info","message":"Listening on port 8080...","timestamp":"2019-04-12T16:48:42.469Z"}
{"level":"info","message":"Connected to MongoDB...","timestamp":"2019-04-12T16:49:06.951Z"}
{"level":"info","message":"Listening on port 8080...","timestamp":"2019-04-12T17:06:23.178Z"}
{"level":"info","message":"Connected to MongoDB...","timestamp":"2019-04-12T17:07:13.971Z"}
{"level":"info","message":"Listening on port 8080...","timestamp":"2019-04-12T19:13:29.622Z"}
{"level":"info","message":"Listening on port 8080...","timestamp":"2019-04-12T19:15:54.787Z"}
{"level":"info","message":"Connected to MongoDB...","timestamp":"2019-04-12T19:16:17.779Z"}
{"level":"info","message":"Email sent to: reem98elayman@yahoo.com","timestamp":"2019-04-12T19:17:44.023Z"}
{"level":"info","message":"Listening on port 8080...","timestamp":"2019-04-12T19:26:55.995Z"}
{"level":"info","message":"Listening on port 8080...","timestamp":"2019-04-12T19:29:29.928Z"}
{"level":"info","message":"Listening on port 8080...","timestamp":"2019-04-12T19:31:10.751Z"}
{"level":"info","message":"Connected to MongoDB...","timestamp":"2019-04-12T19:32:14.556Z"}
{"level":"info","message":"Listening on port 8080...","timestamp":"2019-04-12T21:18:23.631Z"}
{"level":"info","message":"Connected to MongoDB...","timestamp":"2019-04-12T21:18:48.424Z"}
{"level":"info","message":"Listening on port 8080...","timestamp":"2019-04-12T21:20:58.585Z"}
{"level":"info","message":"Connected to MongoDB...","timestamp":"2019-04-12T21:21:22.164Z"}
{"message":"Following is not a constructor","stack":"TypeError: Following is not a constructor\n    at router.post (d:\\Documents\\CMPN courses\\Software Engineering\\Spring 2019\\Project\\Our_project\\Ennovate_BK\\routes\\friendships.js:35:25)\n    at process._tickCallback (internal/process/next_tick.js:68:7)","level":"error","timestamp":"2019-04-12T21:22:06.345Z"}
{"level":"info","message":"Listening on port 8080...","timestamp":"2019-04-12T21:23:59.429Z"}
{"level":"info","message":"Connected to MongoDB...","timestamp":"2019-04-12T21:24:24.582Z"}
{"message":"Following validation failed: friendID: Path `friendID` is required.","errors":{"friendID":{"message":"Path `friendID` is required.","name":"ValidatorError","properties":{"message":"Path `friendID` is required.","type":"required","path":"friendID"},"kind":"required","path":"friendID"}},"_message":"Following validation failed","stack":"ValidationError: Following validation failed: friendID: Path `friendID` is required.\n    at new ValidationError (d:\\Documents\\CMPN courses\\Software Engineering\\Spring 2019\\Project\\Our_project\\Ennovate_BK\\node_modules\\mongoose\\lib\\error\\validation.js:30:11)\n    at model.Document.invalidate (d:\\Documents\\CMPN courses\\Software Engineering\\Spring 2019\\Project\\Our_project\\Ennovate_BK\\node_modules\\mongoose\\lib\\document.js:2080:32)\n    at p.doValidate.skipSchemaValidators (d:\\Documents\\CMPN courses\\Software Engineering\\Spring 2019\\Project\\Our_project\\Ennovate_BK\\node_modules\\mongoose\\lib\\document.js:1943:17)\n    at d:\\Documents\\CMPN courses\\Software Engineering\\Spring 2019\\Project\\Our_project\\Ennovate_BK\\node_modules\\mongoose\\lib\\schematype.js:933:9\n    at process._tickCallback (internal/process/next_tick.js:61:11)","name":"ValidationError","level":"error","timestamp":"2019-04-12T21:39:53.455Z"}
{"level":"info","message":"Listening on port 8080...","timestamp":"2019-04-12T21:43:45.005Z"}
{"level":"info","message":"Connected to MongoDB...","timestamp":"2019-04-12T21:44:14.691Z"}
{"level":"info","message":"Listening on port 8080...","timestamp":"2019-04-12T21:50:17.966Z"}
{"level":"info","message":"Connected to MongoDB...","timestamp":"2019-04-12T21:50:44.823Z"}
{"level":"info","message":"Listening on port 8080...","timestamp":"2019-04-13T16:26:38.445Z"}
{"level":"info","message":"Connected to MongoDB...","timestamp":"2019-04-13T16:26:44.886Z"}
{"level":"info","message":"Listening on port 8080...","timestamp":"2019-04-13T18:01:26.725Z"}
{"level":"info","message":"Connected to MongoDB...","timestamp":"2019-04-13T18:01:32.711Z"}
{"level":"info","message":"Listening on port 8080...","timestamp":"2019-04-13T18:33:49.679Z"}
{"level":"info","message":"Connected to MongoDB...","timestamp":"2019-04-13T18:33:51.358Z"}
{"level":"info","message":"Listening on port 8080...","timestamp":"2019-04-13T18:46:02.935Z"}
{"level":"info","message":"Connected to MongoDB...","timestamp":"2019-04-13T18:46:04.611Z"}
{"level":"info","message":"Listening on port 8080...","timestamp":"2019-04-13T18:50:03.926Z"}
{"level":"info","message":"Connected to MongoDB...","timestamp":"2019-04-13T18:50:05.890Z"}
{"message":"user2 is not defined","stack":"ReferenceError: user2 is not defined\n    at router.post (/Users/mennahany/Downloads/Backend-master/Ennovate_BK/routes/friendships.js:109:5)\n    at process._tickCallback (internal/process/next_tick.js:68:7)","level":"error","timestamp":"2019-04-13T18:50:16.674Z"}
{"level":"info","message":"Listening on port 8080...","timestamp":"2019-04-13T18:51:01.282Z"}
{"level":"info","message":"Connected to MongoDB...","timestamp":"2019-04-13T18:51:02.599Z"}
{"level":"info","message":"Listening on port 8080...","timestamp":"2019-04-13T18:55:26.691Z"}
{"level":"info","message":"Connected to MongoDB...","timestamp":"2019-04-13T18:55:28.849Z"}
{"message":"user2 is not defined","stack":"ReferenceError: user2 is not defined\n    at router.post (/Users/mennahany/Downloads/Backend-master/Ennovate_BK/routes/friendships.js:109:5)\n    at process._tickCallback (internal/process/next_tick.js:68:7)","level":"error","timestamp":"2019-04-13T18:55:43.244Z"}
{"level":"info","message":"Listening on port 8080...","timestamp":"2019-04-13T18:56:30.431Z"}
{"level":"info","message":"Connected to MongoDB...","timestamp":"2019-04-13T18:56:31.893Z"}
{"message":"user2 is not defined","stack":"ReferenceError: user2 is not defined\n    at router.post (/Users/mennahany/Downloads/Backend-master/Ennovate_BK/routes/friendships.js:109:5)\n    at process._tickCallback (internal/process/next_tick.js:68:7)","level":"error","timestamp":"2019-04-13T18:58:58.340Z"}
{"level":"info","message":"Listening on port 8080...","timestamp":"2019-04-14T09:44:53.076Z"}
{"level":"info","message":"Connected to MongoDB...","timestamp":"2019-04-14T09:44:54.878Z"}
{"level":"info","message":"Listening on port 8080...","timestamp":"2019-04-14T09:52:06.061Z"}
{"level":"info","message":"Connected to MongoDB...","timestamp":"2019-04-14T09:52:08.231Z"}
{"message":"db is not defined","stack":"ReferenceError: db is not defined\n    at router.post (/Users/mennahany/Downloads/Backend-master/Ennovate_BK/routes/friendships.js:98:9)\n    at process._tickCallback (internal/process/next_tick.js:68:7)","level":"error","timestamp":"2019-04-14T10:02:14.049Z"}
{"message":"db is not defined","stack":"ReferenceError: db is not defined\n    at router.post (/Users/mennahany/Downloads/Backend-master/Ennovate_BK/routes/friendships.js:98:9)\n    at process._tickCallback (internal/process/next_tick.js:68:7)","level":"error","timestamp":"2019-04-14T10:04:19.490Z"}
{"level":"info","message":"Listening on port 8080...","timestamp":"2019-04-14T10:06:07.262Z"}
{"level":"info","message":"Connected to MongoDB...","timestamp":"2019-04-14T10:06:11.025Z"}
{"message":"user2 is not defined","stack":"ReferenceError: user2 is not defined\n    at router.post (/Users/mennahany/Downloads/Backend-master/Ennovate_BK/routes/friendships.js:109:5)\n    at process._tickCallback (internal/process/next_tick.js:68:7)","level":"error","timestamp":"2019-04-14T10:06:16.469Z"}
{"level":"info","message":"Listening on port 8080...","timestamp":"2019-04-14T10:09:25.808Z"}
{"level":"info","message":"Connected to MongoDB...","timestamp":"2019-04-14T10:09:27.504Z"}
{"level":"info","message":"Listening on port 8080...","timestamp":"2019-04-14T10:32:22.642Z"}
{"level":"info","message":"Connected to MongoDB...","timestamp":"2019-04-14T10:32:24.186Z"}
{"message":"E11000 duplicate key error collection: 5ca0e6b2cf09a23a5557b9c9_Ennovate_Test.users index: screen_name_1 dup key: { : \"reemalaymannnn\" }","stack":"MongoError: E11000 duplicate key error collection: 5ca0e6b2cf09a23a5557b9c9_Ennovate_Test.users index: screen_name_1 dup key: { : \"reemalaymannnn\" }\n    at /Users/mennahany/Downloads/Backend-master/Ennovate_BK/node_modules/mongodb-core/lib/connection/pool.js:581:63\n    at authenticateStragglers (/Users/mennahany/Downloads/Backend-master/Ennovate_BK/node_modules/mongodb-core/lib/connection/pool.js:504:16)\n    at Connection.messageHandler (/Users/mennahany/Downloads/Backend-master/Ennovate_BK/node_modules/mongodb-core/lib/connection/pool.js:540:5)\n    at emitMessageHandler (/Users/mennahany/Downloads/Backend-master/Ennovate_BK/node_modules/mongodb-core/lib/connection/connection.js:310:10)\n    at TLSSocket.<anonymous> (/Users/mennahany/Downloads/Backend-master/Ennovate_BK/node_modules/mongodb-core/lib/connection/connection.js:453:17)\n    at TLSSocket.emit (events.js:189:13)\n    at addChunk (_stream_readable.js:284:12)\n    at readableAddChunk (_stream_readable.js:265:11)\n    at TLSSocket.Readable.push (_stream_readable.js:220:10)\n    at TLSWrap.onStreamRead [as onread] (internal/stream_base_commons.js:94:17)","operationTime":"6679699353973555204","ok":0,"errmsg":"E11000 duplicate key error collection: 5ca0e6b2cf09a23a5557b9c9_Ennovate_Test.users index: screen_name_1 dup key: { : \"reemalaymannnn\" }","code":11000,"codeName":"DuplicateKey","$clusterTime":{"clusterTime":"6679699353973555204","signature":{"hash":"q+6X0+b3yNDEyDgY9zOJDOjinXo=","keyId":"6673423071019270145"}},"name":"MongoError","level":"error","timestamp":"2019-04-14T10:45:12.946Z"}
